09:30:28.202 [restartedMain] INFO  c.d.g.GoodmorningApplication - Starting GoodmorningApplication using Java 11.0.14 on DESKTOP-QG87M8F with PID 8484 (F:\douzone\TeamProject\goodmorning\backend\target\classes started by 청출어람_PC03 in F:\douzone\TeamProject\goodmorning\backend)
09:30:28.283 [restartedMain] INFO  c.d.g.GoodmorningApplication - The following 1 profile is active: "development"
09:30:28.332 [restartedMain] INFO  o.s.b.d.e.DevToolsPropertyDefaultsPostProcessor - Devtools property defaults active! Set 'spring.devtools.add-properties' to 'false' to disable
09:30:28.333 [restartedMain] INFO  o.s.b.d.e.DevToolsPropertyDefaultsPostProcessor - For additional web related logging consider setting the 'logging.level.web' property to 'DEBUG'
09:30:29.028 [restartedMain] INFO  o.s.d.r.c.RepositoryConfigurationDelegate - Multiple Spring Data modules found, entering strict repository configuration mode!
09:30:29.030 [restartedMain] INFO  o.s.d.r.c.RepositoryConfigurationDelegate - Bootstrapping Spring Data Redis repositories in DEFAULT mode.
09:30:29.056 [restartedMain] INFO  o.s.d.r.c.RepositoryConfigurationDelegate - Finished Spring Data repository scanning in 12 ms. Found 0 Redis repository interfaces.
09:30:29.191 [restartedMain] WARN  o.m.s.m.ClassPathMapperScanner - No MyBatis mapper was found in '[com.douzone.goodmorning]' package. Please check your configuration.
09:30:29.313 [restartedMain] INFO  c.u.j.c.EnableEncryptablePropertiesBeanFactoryPostProcessor - Post-processing PropertySource instances
09:30:29.313 [restartedMain] INFO  c.u.j.EncryptablePropertySourceConverter - Skipping PropertySource configurationProperties [class org.springframework.boot.context.properties.source.ConfigurationPropertySourcesPropertySource
09:30:29.314 [restartedMain] INFO  c.u.j.EncryptablePropertySourceConverter - Skipping PropertySource servletConfigInitParams [class org.springframework.core.env.PropertySource$StubPropertySource
09:30:29.314 [restartedMain] INFO  c.u.j.EncryptablePropertySourceConverter - Skipping PropertySource servletContextInitParams [class org.springframework.core.env.PropertySource$StubPropertySource
09:30:29.315 [restartedMain] INFO  c.u.j.EncryptablePropertySourceConverter - Converting PropertySource systemProperties [org.springframework.core.env.PropertiesPropertySource] to EncryptableMapPropertySourceWrapper
09:30:29.315 [restartedMain] INFO  c.u.j.EncryptablePropertySourceConverter - Converting PropertySource systemEnvironment [org.springframework.boot.env.SystemEnvironmentPropertySourceEnvironmentPostProcessor$OriginAwareSystemEnvironmentPropertySource] to EncryptableSystemEnvironmentPropertySourceWrapper
09:30:29.315 [restartedMain] INFO  c.u.j.EncryptablePropertySourceConverter - Converting PropertySource random [org.springframework.boot.env.RandomValuePropertySource] to EncryptablePropertySourceWrapper
09:30:29.315 [restartedMain] INFO  c.u.j.EncryptablePropertySourceConverter - Converting PropertySource Config resource 'class path resource [application.yml]' via location 'optional:classpath:/' (document #2) [org.springframework.boot.env.OriginTrackedMapPropertySource] to EncryptableMapPropertySourceWrapper
09:30:29.316 [restartedMain] INFO  c.u.j.EncryptablePropertySourceConverter - Converting PropertySource Config resource 'class path resource [application.yml]' via location 'optional:classpath:/' (document #1) [org.springframework.boot.env.OriginTrackedMapPropertySource] to EncryptableMapPropertySourceWrapper
09:30:29.316 [restartedMain] INFO  c.u.j.EncryptablePropertySourceConverter - Converting PropertySource Config resource 'class path resource [application.yml]' via location 'optional:classpath:/' (document #0) [org.springframework.boot.env.OriginTrackedMapPropertySource] to EncryptableMapPropertySourceWrapper
09:30:29.316 [restartedMain] INFO  c.u.j.EncryptablePropertySourceConverter - Converting PropertySource devtools [org.springframework.core.env.MapPropertySource] to EncryptableMapPropertySourceWrapper
09:30:29.519 [restartedMain] INFO  c.u.j.f.DefaultLazyPropertyFilter - Property Filter custom Bean not found with name 'encryptablePropertyFilter'. Initializing Default Property Filter
09:30:29.527 [restartedMain] INFO  c.u.j.r.DefaultLazyPropertyResolver - Property Resolver custom Bean not found with name 'encryptablePropertyResolver'. Initializing Default Property Resolver
09:30:29.528 [restartedMain] INFO  c.u.j.d.DefaultLazyPropertyDetector - Property Detector custom Bean not found with name 'encryptablePropertyDetector'. Initializing Default Property Detector
09:30:29.871 [restartedMain] INFO  o.s.b.w.e.t.TomcatWebServer - Tomcat initialized with port(s): 8080 (http)
09:30:29.880 [restartedMain] INFO  o.a.c.c.StandardService - Starting service [Tomcat]
09:30:29.880 [restartedMain] INFO  o.a.c.c.StandardEngine - Starting Servlet engine: [Apache Tomcat/9.0.58]
09:30:29.954 [restartedMain] INFO  o.a.c.c.C.[.[.[/] - Initializing Spring embedded WebApplicationContext
09:30:29.954 [restartedMain] INFO  o.s.b.w.s.c.ServletWebServerApplicationContext - Root WebApplicationContext: initialization completed in 1611 ms
09:30:30.909 [restartedMain] INFO  o.s.s.w.DefaultSecurityFilterChain - Will not secure any request
09:30:31.230 [restartedMain] INFO  o.s.b.a.w.s.WelcomePageHandlerMapping - Adding welcome page template: index
09:30:31.316 [restartedMain] WARN  o.t.t.TemplateMode - [THYMELEAF][restartedMain] Template Mode 'HTML5' is deprecated. Using Template Mode 'HTML' instead.
09:30:31.885 [restartedMain] INFO  o.s.b.d.a.OptionalLiveReloadServer - LiveReload server is running on port 35729
09:30:32.083 [restartedMain] INFO  o.s.b.w.e.t.TomcatWebServer - Tomcat started on port(s): 8080 (http) with context path ''
09:30:32.087 [restartedMain] INFO  c.u.j.c.RefreshScopeRefreshedEventListener - Refreshing cached encryptable property sources on ServletWebServerInitializedEvent
09:30:32.088 [restartedMain] INFO  c.u.j.c.CachingDelegateEncryptablePropertySource - Property Source systemProperties refreshed
09:30:32.088 [restartedMain] INFO  c.u.j.c.CachingDelegateEncryptablePropertySource - Property Source systemEnvironment refreshed
09:30:32.088 [restartedMain] INFO  c.u.j.c.CachingDelegateEncryptablePropertySource - Property Source random refreshed
09:30:32.088 [restartedMain] INFO  c.u.j.c.CachingDelegateEncryptablePropertySource - Property Source Config resource 'class path resource [application.yml]' via location 'optional:classpath:/' (document #2) refreshed
09:30:32.088 [restartedMain] INFO  c.u.j.c.CachingDelegateEncryptablePropertySource - Property Source Config resource 'class path resource [application.yml]' via location 'optional:classpath:/' (document #1) refreshed
09:30:32.088 [restartedMain] INFO  c.u.j.c.CachingDelegateEncryptablePropertySource - Property Source Config resource 'class path resource [application.yml]' via location 'optional:classpath:/' (document #0) refreshed
09:30:32.088 [restartedMain] INFO  c.u.j.c.CachingDelegateEncryptablePropertySource - Property Source devtools refreshed
09:30:32.088 [restartedMain] INFO  c.u.j.EncryptablePropertySourceConverter - Converting PropertySource server.ports [org.springframework.core.env.MapPropertySource] to EncryptableMapPropertySourceWrapper
09:30:32.089 [restartedMain] INFO  c.u.j.EncryptablePropertySourceConverter - Skipping PropertySource configurationProperties [class org.springframework.boot.context.properties.source.ConfigurationPropertySourcesPropertySource
09:30:32.089 [restartedMain] INFO  c.u.j.EncryptablePropertySourceConverter - Skipping PropertySource servletConfigInitParams [class org.springframework.core.env.PropertySource$StubPropertySource
09:30:32.089 [restartedMain] INFO  c.u.j.EncryptablePropertySourceConverter - Converting PropertySource servletContextInitParams [org.springframework.web.context.support.ServletContextPropertySource] to EncryptableEnumerablePropertySourceWrapper
09:30:32.089 [restartedMain] INFO  o.s.m.s.b.SimpleBrokerMessageHandler - Starting...
09:30:32.089 [restartedMain] INFO  o.s.m.s.b.SimpleBrokerMessageHandler - BrokerAvailabilityEvent[available=true, SimpleBrokerMessageHandler [org.springframework.messaging.simp.broker.DefaultSubscriptionRegistry@5938fd71]]
09:30:32.090 [restartedMain] INFO  o.s.m.s.b.SimpleBrokerMessageHandler - Started.
09:30:32.102 [restartedMain] INFO  c.d.g.GoodmorningApplication - Started GoodmorningApplication in 4.257 seconds (JVM running for 4.705)
09:31:00.642 [http-nio-8080-exec-9] INFO  o.a.c.c.C.[.[.[/] - Initializing Spring DispatcherServlet 'dispatcherServlet'
09:31:00.643 [http-nio-8080-exec-9] INFO  o.s.w.s.DispatcherServlet - Initializing Servlet 'dispatcherServlet'
09:31:00.644 [http-nio-8080-exec-9] INFO  o.s.w.s.DispatcherServlet - Completed initialization in 1 ms
09:31:00.712 [http-nio-8080-exec-2] ERROR o.a.c.c.C.[.[.[.[dispatcherServlet] - Servlet.service() for servlet [dispatcherServlet] in context with path [] threw exception
com.auth0.jwt.exceptions.TokenExpiredException: The Token has expired on Wed Sep 14 02:33:17 KST 2022.
	at com.auth0.jwt.JWTVerifier.assertDateIsFuture(JWTVerifier.java:420)
	at com.auth0.jwt.JWTVerifier.assertValidDateClaim(JWTVerifier.java:411)
	at com.auth0.jwt.JWTVerifier.verifyClaimValues(JWTVerifier.java:331)
	at com.auth0.jwt.JWTVerifier.verifyClaims(JWTVerifier.java:315)
	at com.auth0.jwt.JWTVerifier.verify(JWTVerifier.java:300)
	at com.auth0.jwt.JWTVerifier.verify(JWTVerifier.java:283)
	at com.douzone.goodmorning.auth.JwtAuthorizationFilter.doFilterInternal(JwtAuthorizationFilter.java:46)
	at org.springframework.web.filter.OncePerRequestFilter.doFilter(OncePerRequestFilter.java:117)
	at org.springframework.security.web.FilterChainProxy$VirtualFilterChain.doFilter(FilterChainProxy.java:336)
	at org.springframework.security.web.authentication.AbstractAuthenticationProcessingFilter.doFilter(AbstractAuthenticationProcessingFilter.java:219)
	at org.springframework.security.web.authentication.AbstractAuthenticationProcessingFilter.doFilter(AbstractAuthenticationProcessingFilter.java:213)
	at org.springframework.security.web.FilterChainProxy$VirtualFilterChain.doFilter(FilterChainProxy.java:336)
	at org.springframework.security.web.authentication.logout.LogoutFilter.doFilter(LogoutFilter.java:103)
	at org.springframework.security.web.authentication.logout.LogoutFilter.doFilter(LogoutFilter.java:89)
	at org.springframework.security.web.FilterChainProxy$VirtualFilterChain.doFilter(FilterChainProxy.java:336)
	at org.springframework.web.filter.CorsFilter.doFilterInternal(CorsFilter.java:91)
	at org.springframework.web.filter.OncePerRequestFilter.doFilter(OncePerRequestFilter.java:117)
	at org.springframework.security.web.FilterChainProxy$VirtualFilterChain.doFilter(FilterChainProxy.java:336)
	at org.springframework.security.web.header.HeaderWriterFilter.doHeadersAfter(HeaderWriterFilter.java:90)
	at org.springframework.security.web.header.HeaderWriterFilter.doFilterInternal(HeaderWriterFilter.java:75)
	at org.springframework.web.filter.OncePerRequestFilter.doFilter(OncePerRequestFilter.java:117)
	at org.springframework.security.web.FilterChainProxy$VirtualFilterChain.doFilter(FilterChainProxy.java:336)
	at org.springframework.security.web.context.SecurityContextPersistenceFilter.doFilter(SecurityContextPersistenceFilter.java:110)
	at org.springframework.security.web.context.SecurityContextPersistenceFilter.doFilter(SecurityContextPersistenceFilter.java:80)
	at org.springframework.security.web.FilterChainProxy$VirtualFilterChain.doFilter(FilterChainProxy.java:336)
	at org.springframework.security.web.context.request.async.WebAsyncManagerIntegrationFilter.doFilterInternal(WebAsyncManagerIntegrationFilter.java:55)
	at org.springframework.web.filter.OncePerRequestFilter.doFilter(OncePerRequestFilter.java:117)
	at org.springframework.security.web.FilterChainProxy$VirtualFilterChain.doFilter(FilterChainProxy.java:336)
	at org.springframework.security.web.FilterChainProxy.doFilterInternal(FilterChainProxy.java:211)
	at org.springframework.security.web.FilterChainProxy.doFilter(FilterChainProxy.java:183)
	at org.springframework.web.filter.DelegatingFilterProxy.invokeDelegate(DelegatingFilterProxy.java:354)
	at org.springframework.web.filter.DelegatingFilterProxy.doFilter(DelegatingFilterProxy.java:267)
	at org.apache.catalina.core.ApplicationFilterChain.internalDoFilter(ApplicationFilterChain.java:189)
	at org.apache.catalina.core.ApplicationFilterChain.doFilter(ApplicationFilterChain.java:162)
	at org.springframework.web.filter.RequestContextFilter.doFilterInternal(RequestContextFilter.java:100)
	at org.springframework.web.filter.OncePerRequestFilter.doFilter(OncePerRequestFilter.java:117)
	at org.apache.catalina.core.ApplicationFilterChain.internalDoFilter(ApplicationFilterChain.java:189)
	at org.apache.catalina.core.ApplicationFilterChain.doFilter(ApplicationFilterChain.java:162)
	at org.springframework.web.filter.FormContentFilter.doFilterInternal(FormContentFilter.java:93)
	at org.springframework.web.filter.OncePerRequestFilter.doFilter(OncePerRequestFilter.java:117)
	at org.apache.catalina.core.ApplicationFilterChain.internalDoFilter(ApplicationFilterChain.java:189)
	at org.apache.catalina.core.ApplicationFilterChain.doFilter(ApplicationFilterChain.java:162)
	at org.springframework.web.filter.CharacterEncodingFilter.doFilterInternal(CharacterEncodingFilter.java:201)
	at org.springframework.web.filter.OncePerRequestFilter.doFilter(OncePerRequestFilter.java:117)
	at org.apache.catalina.core.ApplicationFilterChain.internalDoFilter(ApplicationFilterChain.java:189)
	at org.apache.catalina.core.ApplicationFilterChain.doFilter(ApplicationFilterChain.java:162)
	at org.apache.catalina.core.StandardWrapperValve.invoke(StandardWrapperValve.java:197)
	at org.apache.catalina.core.StandardContextValve.invoke(StandardContextValve.java:97)
	at org.apache.catalina.authenticator.AuthenticatorBase.invoke(AuthenticatorBase.java:540)
	at org.apache.catalina.core.StandardHostValve.invoke(StandardHostValve.java:135)
	at org.apache.catalina.valves.ErrorReportValve.invoke(ErrorReportValve.java:92)
	at org.apache.catalina.core.StandardEngineValve.invoke(StandardEngineValve.java:78)
	at org.apache.catalina.connector.CoyoteAdapter.service(CoyoteAdapter.java:359)
	at org.apache.coyote.http11.Http11Processor.service(Http11Processor.java:399)
	at org.apache.coyote.AbstractProcessorLight.process(AbstractProcessorLight.java:65)
	at org.apache.coyote.AbstractProtocol$ConnectionHandler.process(AbstractProtocol.java:889)
	at org.apache.tomcat.util.net.NioEndpoint$SocketProcessor.doRun(NioEndpoint.java:1735)
	at org.apache.tomcat.util.net.SocketProcessorBase.run(SocketProcessorBase.java:49)
	at org.apache.tomcat.util.threads.ThreadPoolExecutor.runWorker(ThreadPoolExecutor.java:1191)
	at org.apache.tomcat.util.threads.ThreadPoolExecutor$Worker.run(ThreadPoolExecutor.java:659)
	at org.apache.tomcat.util.threads.TaskThread$WrappingRunnable.run(TaskThread.java:61)
	at java.base/java.lang.Thread.run(Thread.java:834)
09:31:00.712 [http-nio-8080-exec-9] ERROR o.a.c.c.C.[.[.[.[dispatcherServlet] - Servlet.service() for servlet [dispatcherServlet] in context with path [] threw exception
com.auth0.jwt.exceptions.TokenExpiredException: The Token has expired on Wed Sep 14 02:33:17 KST 2022.
	at com.auth0.jwt.JWTVerifier.assertDateIsFuture(JWTVerifier.java:420)
	at com.auth0.jwt.JWTVerifier.assertValidDateClaim(JWTVerifier.java:411)
	at com.auth0.jwt.JWTVerifier.verifyClaimValues(JWTVerifier.java:331)
	at com.auth0.jwt.JWTVerifier.verifyClaims(JWTVerifier.java:315)
	at com.auth0.jwt.JWTVerifier.verify(JWTVerifier.java:300)
	at com.auth0.jwt.JWTVerifier.verify(JWTVerifier.java:283)
	at com.douzone.goodmorning.auth.JwtAuthorizationFilter.doFilterInternal(JwtAuthorizationFilter.java:46)
	at org.springframework.web.filter.OncePerRequestFilter.doFilter(OncePerRequestFilter.java:117)
	at org.springframework.security.web.FilterChainProxy$VirtualFilterChain.doFilter(FilterChainProxy.java:336)
	at org.springframework.security.web.authentication.AbstractAuthenticationProcessingFilter.doFilter(AbstractAuthenticationProcessingFilter.java:219)
	at org.springframework.security.web.authentication.AbstractAuthenticationProcessingFilter.doFilter(AbstractAuthenticationProcessingFilter.java:213)
	at org.springframework.security.web.FilterChainProxy$VirtualFilterChain.doFilter(FilterChainProxy.java:336)
	at org.springframework.security.web.authentication.logout.LogoutFilter.doFilter(LogoutFilter.java:103)
	at org.springframework.security.web.authentication.logout.LogoutFilter.doFilter(LogoutFilter.java:89)
	at org.springframework.security.web.FilterChainProxy$VirtualFilterChain.doFilter(FilterChainProxy.java:336)
	at org.springframework.web.filter.CorsFilter.doFilterInternal(CorsFilter.java:91)
	at org.springframework.web.filter.OncePerRequestFilter.doFilter(OncePerRequestFilter.java:117)
	at org.springframework.security.web.FilterChainProxy$VirtualFilterChain.doFilter(FilterChainProxy.java:336)
	at org.springframework.security.web.header.HeaderWriterFilter.doHeadersAfter(HeaderWriterFilter.java:90)
	at org.springframework.security.web.header.HeaderWriterFilter.doFilterInternal(HeaderWriterFilter.java:75)
	at org.springframework.web.filter.OncePerRequestFilter.doFilter(OncePerRequestFilter.java:117)
	at org.springframework.security.web.FilterChainProxy$VirtualFilterChain.doFilter(FilterChainProxy.java:336)
	at org.springframework.security.web.context.SecurityContextPersistenceFilter.doFilter(SecurityContextPersistenceFilter.java:110)
	at org.springframework.security.web.context.SecurityContextPersistenceFilter.doFilter(SecurityContextPersistenceFilter.java:80)
	at org.springframework.security.web.FilterChainProxy$VirtualFilterChain.doFilter(FilterChainProxy.java:336)
	at org.springframework.security.web.context.request.async.WebAsyncManagerIntegrationFilter.doFilterInternal(WebAsyncManagerIntegrationFilter.java:55)
	at org.springframework.web.filter.OncePerRequestFilter.doFilter(OncePerRequestFilter.java:117)
	at org.springframework.security.web.FilterChainProxy$VirtualFilterChain.doFilter(FilterChainProxy.java:336)
	at org.springframework.security.web.FilterChainProxy.doFilterInternal(FilterChainProxy.java:211)
	at org.springframework.security.web.FilterChainProxy.doFilter(FilterChainProxy.java:183)
	at org.springframework.web.filter.DelegatingFilterProxy.invokeDelegate(DelegatingFilterProxy.java:354)
	at org.springframework.web.filter.DelegatingFilterProxy.doFilter(DelegatingFilterProxy.java:267)
	at org.apache.catalina.core.ApplicationFilterChain.internalDoFilter(ApplicationFilterChain.java:189)
	at org.apache.catalina.core.ApplicationFilterChain.doFilter(ApplicationFilterChain.java:162)
	at org.springframework.web.filter.RequestContextFilter.doFilterInternal(RequestContextFilter.java:100)
	at org.springframework.web.filter.OncePerRequestFilter.doFilter(OncePerRequestFilter.java:117)
	at org.apache.catalina.core.ApplicationFilterChain.internalDoFilter(ApplicationFilterChain.java:189)
	at org.apache.catalina.core.ApplicationFilterChain.doFilter(ApplicationFilterChain.java:162)
	at org.springframework.web.filter.FormContentFilter.doFilterInternal(FormContentFilter.java:93)
	at org.springframework.web.filter.OncePerRequestFilter.doFilter(OncePerRequestFilter.java:117)
	at org.apache.catalina.core.ApplicationFilterChain.internalDoFilter(ApplicationFilterChain.java:189)
	at org.apache.catalina.core.ApplicationFilterChain.doFilter(ApplicationFilterChain.java:162)
	at org.springframework.web.filter.CharacterEncodingFilter.doFilterInternal(CharacterEncodingFilter.java:201)
	at org.springframework.web.filter.OncePerRequestFilter.doFilter(OncePerRequestFilter.java:117)
	at org.apache.catalina.core.ApplicationFilterChain.internalDoFilter(ApplicationFilterChain.java:189)
	at org.apache.catalina.core.ApplicationFilterChain.doFilter(ApplicationFilterChain.java:162)
	at org.apache.catalina.core.StandardWrapperValve.invoke(StandardWrapperValve.java:197)
	at org.apache.catalina.core.StandardContextValve.invoke(StandardContextValve.java:97)
	at org.apache.catalina.authenticator.AuthenticatorBase.invoke(AuthenticatorBase.java:540)
	at org.apache.catalina.core.StandardHostValve.invoke(StandardHostValve.java:135)
	at org.apache.catalina.valves.ErrorReportValve.invoke(ErrorReportValve.java:92)
	at org.apache.catalina.core.StandardEngineValve.invoke(StandardEngineValve.java:78)
	at org.apache.catalina.connector.CoyoteAdapter.service(CoyoteAdapter.java:359)
	at org.apache.coyote.http11.Http11Processor.service(Http11Processor.java:399)
	at org.apache.coyote.AbstractProcessorLight.process(AbstractProcessorLight.java:65)
	at org.apache.coyote.AbstractProtocol$ConnectionHandler.process(AbstractProtocol.java:889)
	at org.apache.tomcat.util.net.NioEndpoint$SocketProcessor.doRun(NioEndpoint.java:1735)
	at org.apache.tomcat.util.net.SocketProcessorBase.run(SocketProcessorBase.java:49)
	at org.apache.tomcat.util.threads.ThreadPoolExecutor.runWorker(ThreadPoolExecutor.java:1191)
	at org.apache.tomcat.util.threads.ThreadPoolExecutor$Worker.run(ThreadPoolExecutor.java:659)
	at org.apache.tomcat.util.threads.TaskThread$WrappingRunnable.run(TaskThread.java:61)
	at java.base/java.lang.Thread.run(Thread.java:834)
09:31:00.712 [http-nio-8080-exec-1] ERROR o.a.c.c.C.[.[.[.[dispatcherServlet] - Servlet.service() for servlet [dispatcherServlet] in context with path [] threw exception
com.auth0.jwt.exceptions.TokenExpiredException: The Token has expired on Wed Sep 14 02:33:17 KST 2022.
	at com.auth0.jwt.JWTVerifier.assertDateIsFuture(JWTVerifier.java:420)
	at com.auth0.jwt.JWTVerifier.assertValidDateClaim(JWTVerifier.java:411)
	at com.auth0.jwt.JWTVerifier.verifyClaimValues(JWTVerifier.java:331)
	at com.auth0.jwt.JWTVerifier.verifyClaims(JWTVerifier.java:315)
	at com.auth0.jwt.JWTVerifier.verify(JWTVerifier.java:300)
	at com.auth0.jwt.JWTVerifier.verify(JWTVerifier.java:283)
	at com.douzone.goodmorning.auth.JwtAuthorizationFilter.doFilterInternal(JwtAuthorizationFilter.java:46)
	at org.springframework.web.filter.OncePerRequestFilter.doFilter(OncePerRequestFilter.java:117)
	at org.springframework.security.web.FilterChainProxy$VirtualFilterChain.doFilter(FilterChainProxy.java:336)
	at org.springframework.security.web.authentication.AbstractAuthenticationProcessingFilter.doFilter(AbstractAuthenticationProcessingFilter.java:219)
	at org.springframework.security.web.authentication.AbstractAuthenticationProcessingFilter.doFilter(AbstractAuthenticationProcessingFilter.java:213)
	at org.springframework.security.web.FilterChainProxy$VirtualFilterChain.doFilter(FilterChainProxy.java:336)
	at org.springframework.security.web.authentication.logout.LogoutFilter.doFilter(LogoutFilter.java:103)
	at org.springframework.security.web.authentication.logout.LogoutFilter.doFilter(LogoutFilter.java:89)
	at org.springframework.security.web.FilterChainProxy$VirtualFilterChain.doFilter(FilterChainProxy.java:336)
	at org.springframework.web.filter.CorsFilter.doFilterInternal(CorsFilter.java:91)
	at org.springframework.web.filter.OncePerRequestFilter.doFilter(OncePerRequestFilter.java:117)
	at org.springframework.security.web.FilterChainProxy$VirtualFilterChain.doFilter(FilterChainProxy.java:336)
	at org.springframework.security.web.header.HeaderWriterFilter.doHeadersAfter(HeaderWriterFilter.java:90)
	at org.springframework.security.web.header.HeaderWriterFilter.doFilterInternal(HeaderWriterFilter.java:75)
	at org.springframework.web.filter.OncePerRequestFilter.doFilter(OncePerRequestFilter.java:117)
	at org.springframework.security.web.FilterChainProxy$VirtualFilterChain.doFilter(FilterChainProxy.java:336)
	at org.springframework.security.web.context.SecurityContextPersistenceFilter.doFilter(SecurityContextPersistenceFilter.java:110)
	at org.springframework.security.web.context.SecurityContextPersistenceFilter.doFilter(SecurityContextPersistenceFilter.java:80)
	at org.springframework.security.web.FilterChainProxy$VirtualFilterChain.doFilter(FilterChainProxy.java:336)
	at org.springframework.security.web.context.request.async.WebAsyncManagerIntegrationFilter.doFilterInternal(WebAsyncManagerIntegrationFilter.java:55)
	at org.springframework.web.filter.OncePerRequestFilter.doFilter(OncePerRequestFilter.java:117)
	at org.springframework.security.web.FilterChainProxy$VirtualFilterChain.doFilter(FilterChainProxy.java:336)
	at org.springframework.security.web.FilterChainProxy.doFilterInternal(FilterChainProxy.java:211)
	at org.springframework.security.web.FilterChainProxy.doFilter(FilterChainProxy.java:183)
	at org.springframework.web.filter.DelegatingFilterProxy.invokeDelegate(DelegatingFilterProxy.java:354)
	at org.springframework.web.filter.DelegatingFilterProxy.doFilter(DelegatingFilterProxy.java:267)
	at org.apache.catalina.core.ApplicationFilterChain.internalDoFilter(ApplicationFilterChain.java:189)
	at org.apache.catalina.core.ApplicationFilterChain.doFilter(ApplicationFilterChain.java:162)
	at org.springframework.web.filter.RequestContextFilter.doFilterInternal(RequestContextFilter.java:100)
	at org.springframework.web.filter.OncePerRequestFilter.doFilter(OncePerRequestFilter.java:117)
	at org.apache.catalina.core.ApplicationFilterChain.internalDoFilter(ApplicationFilterChain.java:189)
	at org.apache.catalina.core.ApplicationFilterChain.doFilter(ApplicationFilterChain.java:162)
	at org.springframework.web.filter.FormContentFilter.doFilterInternal(FormContentFilter.java:93)
	at org.springframework.web.filter.OncePerRequestFilter.doFilter(OncePerRequestFilter.java:117)
	at org.apache.catalina.core.ApplicationFilterChain.internalDoFilter(ApplicationFilterChain.java:189)
	at org.apache.catalina.core.ApplicationFilterChain.doFilter(ApplicationFilterChain.java:162)
	at org.springframework.web.filter.CharacterEncodingFilter.doFilterInternal(CharacterEncodingFilter.java:201)
	at org.springframework.web.filter.OncePerRequestFilter.doFilter(OncePerRequestFilter.java:117)
	at org.apache.catalina.core.ApplicationFilterChain.internalDoFilter(ApplicationFilterChain.java:189)
	at org.apache.catalina.core.ApplicationFilterChain.doFilter(ApplicationFilterChain.java:162)
	at org.apache.catalina.core.StandardWrapperValve.invoke(StandardWrapperValve.java:197)
	at org.apache.catalina.core.StandardContextValve.invoke(StandardContextValve.java:97)
	at org.apache.catalina.authenticator.AuthenticatorBase.invoke(AuthenticatorBase.java:540)
	at org.apache.catalina.core.StandardHostValve.invoke(StandardHostValve.java:135)
	at org.apache.catalina.valves.ErrorReportValve.invoke(ErrorReportValve.java:92)
	at org.apache.catalina.core.StandardEngineValve.invoke(StandardEngineValve.java:78)
	at org.apache.catalina.connector.CoyoteAdapter.service(CoyoteAdapter.java:359)
	at org.apache.coyote.http11.Http11Processor.service(Http11Processor.java:399)
	at org.apache.coyote.AbstractProcessorLight.process(AbstractProcessorLight.java:65)
	at org.apache.coyote.AbstractProtocol$ConnectionHandler.process(AbstractProtocol.java:889)
	at org.apache.tomcat.util.net.NioEndpoint$SocketProcessor.doRun(NioEndpoint.java:1735)
	at org.apache.tomcat.util.net.SocketProcessorBase.run(SocketProcessorBase.java:49)
	at org.apache.tomcat.util.threads.ThreadPoolExecutor.runWorker(ThreadPoolExecutor.java:1191)
	at org.apache.tomcat.util.threads.ThreadPoolExecutor$Worker.run(ThreadPoolExecutor.java:659)
	at org.apache.tomcat.util.threads.TaskThread$WrappingRunnable.run(TaskThread.java:61)
	at java.base/java.lang.Thread.run(Thread.java:834)
09:31:00.958 [http-nio-8080-exec-6] ERROR o.a.c.c.C.[.[.[.[dispatcherServlet] - Servlet.service() for servlet [dispatcherServlet] in context with path [] threw exception
com.auth0.jwt.exceptions.TokenExpiredException: The Token has expired on Wed Sep 14 02:33:17 KST 2022.
	at com.auth0.jwt.JWTVerifier.assertDateIsFuture(JWTVerifier.java:420)
	at com.auth0.jwt.JWTVerifier.assertValidDateClaim(JWTVerifier.java:411)
	at com.auth0.jwt.JWTVerifier.verifyClaimValues(JWTVerifier.java:331)
	at com.auth0.jwt.JWTVerifier.verifyClaims(JWTVerifier.java:315)
	at com.auth0.jwt.JWTVerifier.verify(JWTVerifier.java:300)
	at com.auth0.jwt.JWTVerifier.verify(JWTVerifier.java:283)
	at com.douzone.goodmorning.auth.JwtAuthorizationFilter.doFilterInternal(JwtAuthorizationFilter.java:46)
	at org.springframework.web.filter.OncePerRequestFilter.doFilter(OncePerRequestFilter.java:117)
	at org.springframework.security.web.FilterChainProxy$VirtualFilterChain.doFilter(FilterChainProxy.java:336)
	at org.springframework.security.web.authentication.AbstractAuthenticationProcessingFilter.doFilter(AbstractAuthenticationProcessingFilter.java:219)
	at org.springframework.security.web.authentication.AbstractAuthenticationProcessingFilter.doFilter(AbstractAuthenticationProcessingFilter.java:213)
	at org.springframework.security.web.FilterChainProxy$VirtualFilterChain.doFilter(FilterChainProxy.java:336)
	at org.springframework.security.web.authentication.logout.LogoutFilter.doFilter(LogoutFilter.java:103)
	at org.springframework.security.web.authentication.logout.LogoutFilter.doFilter(LogoutFilter.java:89)
	at org.springframework.security.web.FilterChainProxy$VirtualFilterChain.doFilter(FilterChainProxy.java:336)
	at org.springframework.web.filter.CorsFilter.doFilterInternal(CorsFilter.java:91)
	at org.springframework.web.filter.OncePerRequestFilter.doFilter(OncePerRequestFilter.java:117)
	at org.springframework.security.web.FilterChainProxy$VirtualFilterChain.doFilter(FilterChainProxy.java:336)
	at org.springframework.security.web.header.HeaderWriterFilter.doHeadersAfter(HeaderWriterFilter.java:90)
	at org.springframework.security.web.header.HeaderWriterFilter.doFilterInternal(HeaderWriterFilter.java:75)
	at org.springframework.web.filter.OncePerRequestFilter.doFilter(OncePerRequestFilter.java:117)
	at org.springframework.security.web.FilterChainProxy$VirtualFilterChain.doFilter(FilterChainProxy.java:336)
	at org.springframework.security.web.context.SecurityContextPersistenceFilter.doFilter(SecurityContextPersistenceFilter.java:110)
	at org.springframework.security.web.context.SecurityContextPersistenceFilter.doFilter(SecurityContextPersistenceFilter.java:80)
	at org.springframework.security.web.FilterChainProxy$VirtualFilterChain.doFilter(FilterChainProxy.java:336)
	at org.springframework.security.web.context.request.async.WebAsyncManagerIntegrationFilter.doFilterInternal(WebAsyncManagerIntegrationFilter.java:55)
	at org.springframework.web.filter.OncePerRequestFilter.doFilter(OncePerRequestFilter.java:117)
	at org.springframework.security.web.FilterChainProxy$VirtualFilterChain.doFilter(FilterChainProxy.java:336)
	at org.springframework.security.web.FilterChainProxy.doFilterInternal(FilterChainProxy.java:211)
	at org.springframework.security.web.FilterChainProxy.doFilter(FilterChainProxy.java:183)
	at org.springframework.web.filter.DelegatingFilterProxy.invokeDelegate(DelegatingFilterProxy.java:354)
	at org.springframework.web.filter.DelegatingFilterProxy.doFilter(DelegatingFilterProxy.java:267)
	at org.apache.catalina.core.ApplicationFilterChain.internalDoFilter(ApplicationFilterChain.java:189)
	at org.apache.catalina.core.ApplicationFilterChain.doFilter(ApplicationFilterChain.java:162)
	at org.springframework.web.filter.RequestContextFilter.doFilterInternal(RequestContextFilter.java:100)
	at org.springframework.web.filter.OncePerRequestFilter.doFilter(OncePerRequestFilter.java:117)
	at org.apache.catalina.core.ApplicationFilterChain.internalDoFilter(ApplicationFilterChain.java:189)
	at org.apache.catalina.core.ApplicationFilterChain.doFilter(ApplicationFilterChain.java:162)
	at org.springframework.web.filter.FormContentFilter.doFilterInternal(FormContentFilter.java:93)
	at org.springframework.web.filter.OncePerRequestFilter.doFilter(OncePerRequestFilter.java:117)
	at org.apache.catalina.core.ApplicationFilterChain.internalDoFilter(ApplicationFilterChain.java:189)
	at org.apache.catalina.core.ApplicationFilterChain.doFilter(ApplicationFilterChain.java:162)
	at org.springframework.web.filter.CharacterEncodingFilter.doFilterInternal(CharacterEncodingFilter.java:201)
	at org.springframework.web.filter.OncePerRequestFilter.doFilter(OncePerRequestFilter.java:117)
	at org.apache.catalina.core.ApplicationFilterChain.internalDoFilter(ApplicationFilterChain.java:189)
	at org.apache.catalina.core.ApplicationFilterChain.doFilter(ApplicationFilterChain.java:162)
	at org.apache.catalina.core.StandardWrapperValve.invoke(StandardWrapperValve.java:197)
	at org.apache.catalina.core.StandardContextValve.invoke(StandardContextValve.java:97)
	at org.apache.catalina.authenticator.AuthenticatorBase.invoke(AuthenticatorBase.java:540)
	at org.apache.catalina.core.StandardHostValve.invoke(StandardHostValve.java:135)
	at org.apache.catalina.valves.ErrorReportValve.invoke(ErrorReportValve.java:92)
	at org.apache.catalina.core.StandardEngineValve.invoke(StandardEngineValve.java:78)
	at org.apache.catalina.connector.CoyoteAdapter.service(CoyoteAdapter.java:359)
	at org.apache.coyote.http11.Http11Processor.service(Http11Processor.java:399)
	at org.apache.coyote.AbstractProcessorLight.process(AbstractProcessorLight.java:65)
	at org.apache.coyote.AbstractProtocol$ConnectionHandler.process(AbstractProtocol.java:889)
	at org.apache.tomcat.util.net.NioEndpoint$SocketProcessor.doRun(NioEndpoint.java:1735)
	at org.apache.tomcat.util.net.SocketProcessorBase.run(SocketProcessorBase.java:49)
	at org.apache.tomcat.util.threads.ThreadPoolExecutor.runWorker(ThreadPoolExecutor.java:1191)
	at org.apache.tomcat.util.threads.ThreadPoolExecutor$Worker.run(ThreadPoolExecutor.java:659)
	at org.apache.tomcat.util.threads.TaskThread$WrappingRunnable.run(TaskThread.java:61)
	at java.base/java.lang.Thread.run(Thread.java:834)
09:31:04.504 [http-nio-8080-exec-4] ERROR o.a.c.c.C.[.[.[.[dispatcherServlet] - Servlet.service() for servlet [dispatcherServlet] in context with path [] threw exception
com.auth0.jwt.exceptions.TokenExpiredException: The Token has expired on Wed Sep 14 02:33:17 KST 2022.
	at com.auth0.jwt.JWTVerifier.assertDateIsFuture(JWTVerifier.java:420)
	at com.auth0.jwt.JWTVerifier.assertValidDateClaim(JWTVerifier.java:411)
	at com.auth0.jwt.JWTVerifier.verifyClaimValues(JWTVerifier.java:331)
	at com.auth0.jwt.JWTVerifier.verifyClaims(JWTVerifier.java:315)
	at com.auth0.jwt.JWTVerifier.verify(JWTVerifier.java:300)
	at com.auth0.jwt.JWTVerifier.verify(JWTVerifier.java:283)
	at com.douzone.goodmorning.auth.JwtAuthorizationFilter.doFilterInternal(JwtAuthorizationFilter.java:46)
	at org.springframework.web.filter.OncePerRequestFilter.doFilter(OncePerRequestFilter.java:117)
	at org.springframework.security.web.FilterChainProxy$VirtualFilterChain.doFilter(FilterChainProxy.java:336)
	at org.springframework.security.web.authentication.AbstractAuthenticationProcessingFilter.doFilter(AbstractAuthenticationProcessingFilter.java:219)
	at org.springframework.security.web.authentication.AbstractAuthenticationProcessingFilter.doFilter(AbstractAuthenticationProcessingFilter.java:213)
	at org.springframework.security.web.FilterChainProxy$VirtualFilterChain.doFilter(FilterChainProxy.java:336)
	at org.springframework.security.web.authentication.logout.LogoutFilter.doFilter(LogoutFilter.java:103)
	at org.springframework.security.web.authentication.logout.LogoutFilter.doFilter(LogoutFilter.java:89)
	at org.springframework.security.web.FilterChainProxy$VirtualFilterChain.doFilter(FilterChainProxy.java:336)
	at org.springframework.web.filter.CorsFilter.doFilterInternal(CorsFilter.java:91)
	at org.springframework.web.filter.OncePerRequestFilter.doFilter(OncePerRequestFilter.java:117)
	at org.springframework.security.web.FilterChainProxy$VirtualFilterChain.doFilter(FilterChainProxy.java:336)
	at org.springframework.security.web.header.HeaderWriterFilter.doHeadersAfter(HeaderWriterFilter.java:90)
	at org.springframework.security.web.header.HeaderWriterFilter.doFilterInternal(HeaderWriterFilter.java:75)
	at org.springframework.web.filter.OncePerRequestFilter.doFilter(OncePerRequestFilter.java:117)
	at org.springframework.security.web.FilterChainProxy$VirtualFilterChain.doFilter(FilterChainProxy.java:336)
	at org.springframework.security.web.context.SecurityContextPersistenceFilter.doFilter(SecurityContextPersistenceFilter.java:110)
	at org.springframework.security.web.context.SecurityContextPersistenceFilter.doFilter(SecurityContextPersistenceFilter.java:80)
	at org.springframework.security.web.FilterChainProxy$VirtualFilterChain.doFilter(FilterChainProxy.java:336)
	at org.springframework.security.web.context.request.async.WebAsyncManagerIntegrationFilter.doFilterInternal(WebAsyncManagerIntegrationFilter.java:55)
	at org.springframework.web.filter.OncePerRequestFilter.doFilter(OncePerRequestFilter.java:117)
	at org.springframework.security.web.FilterChainProxy$VirtualFilterChain.doFilter(FilterChainProxy.java:336)
	at org.springframework.security.web.FilterChainProxy.doFilterInternal(FilterChainProxy.java:211)
	at org.springframework.security.web.FilterChainProxy.doFilter(FilterChainProxy.java:183)
	at org.springframework.web.filter.DelegatingFilterProxy.invokeDelegate(DelegatingFilterProxy.java:354)
	at org.springframework.web.filter.DelegatingFilterProxy.doFilter(DelegatingFilterProxy.java:267)
	at org.apache.catalina.core.ApplicationFilterChain.internalDoFilter(ApplicationFilterChain.java:189)
	at org.apache.catalina.core.ApplicationFilterChain.doFilter(ApplicationFilterChain.java:162)
	at org.springframework.web.filter.RequestContextFilter.doFilterInternal(RequestContextFilter.java:100)
	at org.springframework.web.filter.OncePerRequestFilter.doFilter(OncePerRequestFilter.java:117)
	at org.apache.catalina.core.ApplicationFilterChain.internalDoFilter(ApplicationFilterChain.java:189)
	at org.apache.catalina.core.ApplicationFilterChain.doFilter(ApplicationFilterChain.java:162)
	at org.springframework.web.filter.FormContentFilter.doFilterInternal(FormContentFilter.java:93)
	at org.springframework.web.filter.OncePerRequestFilter.doFilter(OncePerRequestFilter.java:117)
	at org.apache.catalina.core.ApplicationFilterChain.internalDoFilter(ApplicationFilterChain.java:189)
	at org.apache.catalina.core.ApplicationFilterChain.doFilter(ApplicationFilterChain.java:162)
	at org.springframework.web.filter.CharacterEncodingFilter.doFilterInternal(CharacterEncodingFilter.java:201)
	at org.springframework.web.filter.OncePerRequestFilter.doFilter(OncePerRequestFilter.java:117)
	at org.apache.catalina.core.ApplicationFilterChain.internalDoFilter(ApplicationFilterChain.java:189)
	at org.apache.catalina.core.ApplicationFilterChain.doFilter(ApplicationFilterChain.java:162)
	at org.apache.catalina.core.StandardWrapperValve.invoke(StandardWrapperValve.java:197)
	at org.apache.catalina.core.StandardContextValve.invoke(StandardContextValve.java:97)
	at org.apache.catalina.authenticator.AuthenticatorBase.invoke(AuthenticatorBase.java:540)
	at org.apache.catalina.core.StandardHostValve.invoke(StandardHostValve.java:135)
	at org.apache.catalina.valves.ErrorReportValve.invoke(ErrorReportValve.java:92)
	at org.apache.catalina.core.StandardEngineValve.invoke(StandardEngineValve.java:78)
	at org.apache.catalina.connector.CoyoteAdapter.service(CoyoteAdapter.java:359)
	at org.apache.coyote.http11.Http11Processor.service(Http11Processor.java:399)
	at org.apache.coyote.AbstractProcessorLight.process(AbstractProcessorLight.java:65)
	at org.apache.coyote.AbstractProtocol$ConnectionHandler.process(AbstractProtocol.java:889)
	at org.apache.tomcat.util.net.NioEndpoint$SocketProcessor.doRun(NioEndpoint.java:1735)
	at org.apache.tomcat.util.net.SocketProcessorBase.run(SocketProcessorBase.java:49)
	at org.apache.tomcat.util.threads.ThreadPoolExecutor.runWorker(ThreadPoolExecutor.java:1191)
	at org.apache.tomcat.util.threads.ThreadPoolExecutor$Worker.run(ThreadPoolExecutor.java:659)
	at org.apache.tomcat.util.threads.TaskThread$WrappingRunnable.run(TaskThread.java:61)
	at java.base/java.lang.Thread.run(Thread.java:834)
09:31:07.611 [http-nio-8080-exec-5] INFO  c.z.h.HikariDataSource - HikariPool-1 - Starting...
09:31:07.654 [http-nio-8080-exec-5] INFO  c.z.h.HikariDataSource - HikariPool-1 - Start completed.
09:31:31.008 [MessageBroker-6] INFO  o.s.w.s.c.WebSocketMessageBrokerStats - WebSocketSession[1 current WS(1)-HttpStream(0)-HttpPoll(0), 2 total, 0 closed abnormally (0 connect failure, 0 send limit, 0 transport error)], stompSubProtocol[processed CONNECT(2)-CONNECTED(2)-DISCONNECT(0)], stompBrokerRelay[null], inboundChannel[pool size = 16, active threads = 0, queued tasks = 0, completed tasks = 57], outboundChannel[pool size = 3, active threads = 0, queued tasks = 0, completed tasks = 3], sockJsScheduler[pool size = 8, active threads = 1, queued tasks = 2, completed tasks = 7]
10:01:31.014 [MessageBroker-5] INFO  o.s.w.s.c.WebSocketMessageBrokerStats - WebSocketSession[1 current WS(1)-HttpStream(0)-HttpPoll(0), 15 total, 0 closed abnormally (0 connect failure, 0 send limit, 0 transport error)], stompSubProtocol[processed CONNECT(15)-CONNECTED(15)-DISCONNECT(13)], stompBrokerRelay[null], inboundChannel[pool size = 0, active threads = 0, queued tasks = 0, completed tasks = 723], outboundChannel[pool size = 0, active threads = 0, queued tasks = 0, completed tasks = 42], sockJsScheduler[pool size = 8, active threads = 1, queued tasks = 2, completed tasks = 439]
10:04:21.766 [Thread-5] INFO  o.s.m.s.b.SimpleBrokerMessageHandler - Stopping...
10:04:21.767 [Thread-5] INFO  o.s.m.s.b.SimpleBrokerMessageHandler - BrokerAvailabilityEvent[available=false, SimpleBrokerMessageHandler [org.springframework.messaging.simp.broker.DefaultSubscriptionRegistry@5938fd71]]
10:04:21.767 [Thread-5] INFO  o.s.m.s.b.SimpleBrokerMessageHandler - Stopped.
10:04:21.938 [Thread-5] INFO  c.z.h.HikariDataSource - HikariPool-1 - Shutdown initiated...
10:04:21.942 [Thread-5] INFO  c.z.h.HikariDataSource - HikariPool-1 - Shutdown completed.
10:04:22.032 [restartedMain] INFO  c.d.g.GoodmorningApplication - Starting GoodmorningApplication using Java 11.0.14 on DESKTOP-QG87M8F with PID 8484 (F:\douzone\TeamProject\goodmorning\backend\target\classes started by 청출어람_PC03 in F:\douzone\TeamProject\goodmorning\backend)
10:04:22.032 [restartedMain] INFO  c.d.g.GoodmorningApplication - The following 1 profile is active: "development"
10:04:22.254 [restartedMain] INFO  o.s.d.r.c.RepositoryConfigurationDelegate - Multiple Spring Data modules found, entering strict repository configuration mode!
10:04:22.254 [restartedMain] INFO  o.s.d.r.c.RepositoryConfigurationDelegate - Bootstrapping Spring Data Redis repositories in DEFAULT mode.
10:04:22.260 [restartedMain] INFO  o.s.d.r.c.RepositoryConfigurationDelegate - Finished Spring Data repository scanning in 6 ms. Found 0 Redis repository interfaces.
10:04:22.351 [restartedMain] WARN  o.m.s.m.ClassPathMapperScanner - No MyBatis mapper was found in '[com.douzone.goodmorning]' package. Please check your configuration.
10:04:22.372 [restartedMain] INFO  c.u.j.c.EnableEncryptablePropertiesBeanFactoryPostProcessor - Post-processing PropertySource instances
10:04:22.372 [restartedMain] INFO  c.u.j.EncryptablePropertySourceConverter - Skipping PropertySource configurationProperties [class org.springframework.boot.context.properties.source.ConfigurationPropertySourcesPropertySource
10:04:22.372 [restartedMain] INFO  c.u.j.EncryptablePropertySourceConverter - Skipping PropertySource servletConfigInitParams [class org.springframework.core.env.PropertySource$StubPropertySource
10:04:22.372 [restartedMain] INFO  c.u.j.EncryptablePropertySourceConverter - Skipping PropertySource servletContextInitParams [class org.springframework.core.env.PropertySource$StubPropertySource
10:04:22.372 [restartedMain] INFO  c.u.j.EncryptablePropertySourceConverter - Converting PropertySource systemProperties [org.springframework.core.env.PropertiesPropertySource] to EncryptableMapPropertySourceWrapper
10:04:22.372 [restartedMain] INFO  c.u.j.EncryptablePropertySourceConverter - Converting PropertySource systemEnvironment [org.springframework.boot.env.SystemEnvironmentPropertySourceEnvironmentPostProcessor$OriginAwareSystemEnvironmentPropertySource] to EncryptableSystemEnvironmentPropertySourceWrapper
10:04:22.372 [restartedMain] INFO  c.u.j.EncryptablePropertySourceConverter - Converting PropertySource random [org.springframework.boot.env.RandomValuePropertySource] to EncryptablePropertySourceWrapper
10:04:22.372 [restartedMain] INFO  c.u.j.EncryptablePropertySourceConverter - Converting PropertySource Config resource 'class path resource [application.yml]' via location 'optional:classpath:/' (document #2) [org.springframework.boot.env.OriginTrackedMapPropertySource] to EncryptableMapPropertySourceWrapper
10:04:22.372 [restartedMain] INFO  c.u.j.EncryptablePropertySourceConverter - Converting PropertySource Config resource 'class path resource [application.yml]' via location 'optional:classpath:/' (document #1) [org.springframework.boot.env.OriginTrackedMapPropertySource] to EncryptableMapPropertySourceWrapper
10:04:22.372 [restartedMain] INFO  c.u.j.EncryptablePropertySourceConverter - Converting PropertySource Config resource 'class path resource [application.yml]' via location 'optional:classpath:/' (document #0) [org.springframework.boot.env.OriginTrackedMapPropertySource] to EncryptableMapPropertySourceWrapper
10:04:22.372 [restartedMain] INFO  c.u.j.EncryptablePropertySourceConverter - Converting PropertySource devtools [org.springframework.core.env.MapPropertySource] to EncryptableMapPropertySourceWrapper
10:04:22.386 [restartedMain] INFO  c.u.j.f.DefaultLazyPropertyFilter - Property Filter custom Bean not found with name 'encryptablePropertyFilter'. Initializing Default Property Filter
10:04:22.388 [restartedMain] INFO  c.u.j.r.DefaultLazyPropertyResolver - Property Resolver custom Bean not found with name 'encryptablePropertyResolver'. Initializing Default Property Resolver
10:04:22.388 [restartedMain] INFO  c.u.j.d.DefaultLazyPropertyDetector - Property Detector custom Bean not found with name 'encryptablePropertyDetector'. Initializing Default Property Detector
10:04:22.418 [restartedMain] INFO  o.s.b.w.e.t.TomcatWebServer - Tomcat initialized with port(s): 8080 (http)
10:04:22.419 [restartedMain] INFO  o.a.c.c.StandardService - Starting service [Tomcat]
10:04:22.419 [restartedMain] INFO  o.a.c.c.StandardEngine - Starting Servlet engine: [Apache Tomcat/9.0.58]
10:04:22.439 [restartedMain] INFO  o.a.c.c.C.[.[.[/] - Initializing Spring embedded WebApplicationContext
10:04:22.439 [restartedMain] INFO  o.s.b.w.s.c.ServletWebServerApplicationContext - Root WebApplicationContext: initialization completed in 405 ms
10:04:22.649 [restartedMain] INFO  o.s.s.w.DefaultSecurityFilterChain - Will not secure any request
10:04:22.706 [restartedMain] INFO  o.s.b.a.w.s.WelcomePageHandlerMapping - Adding welcome page template: index
10:04:22.717 [restartedMain] WARN  o.t.t.TemplateMode - [THYMELEAF][restartedMain] Template Mode 'HTML5' is deprecated. Using Template Mode 'HTML' instead.
10:04:22.741 [restartedMain] INFO  o.s.b.d.a.OptionalLiveReloadServer - LiveReload server is running on port 35729
10:04:22.745 [restartedMain] INFO  o.s.b.w.e.t.TomcatWebServer - Tomcat started on port(s): 8080 (http) with context path ''
10:04:22.746 [restartedMain] INFO  c.u.j.c.RefreshScopeRefreshedEventListener - Refreshing cached encryptable property sources on ServletWebServerInitializedEvent
10:04:22.746 [restartedMain] INFO  c.u.j.c.CachingDelegateEncryptablePropertySource - Property Source systemProperties refreshed
10:04:22.746 [restartedMain] INFO  c.u.j.c.CachingDelegateEncryptablePropertySource - Property Source systemEnvironment refreshed
10:04:22.746 [restartedMain] INFO  c.u.j.c.CachingDelegateEncryptablePropertySource - Property Source random refreshed
10:04:22.746 [restartedMain] INFO  c.u.j.c.CachingDelegateEncryptablePropertySource - Property Source Config resource 'class path resource [application.yml]' via location 'optional:classpath:/' (document #2) refreshed
10:04:22.746 [restartedMain] INFO  c.u.j.c.CachingDelegateEncryptablePropertySource - Property Source Config resource 'class path resource [application.yml]' via location 'optional:classpath:/' (document #1) refreshed
10:04:22.746 [restartedMain] INFO  c.u.j.c.CachingDelegateEncryptablePropertySource - Property Source Config resource 'class path resource [application.yml]' via location 'optional:classpath:/' (document #0) refreshed
10:04:22.746 [restartedMain] INFO  c.u.j.c.CachingDelegateEncryptablePropertySource - Property Source devtools refreshed
10:04:22.746 [restartedMain] INFO  c.u.j.EncryptablePropertySourceConverter - Converting PropertySource server.ports [org.springframework.core.env.MapPropertySource] to EncryptableMapPropertySourceWrapper
10:04:22.746 [restartedMain] INFO  c.u.j.EncryptablePropertySourceConverter - Skipping PropertySource configurationProperties [class org.springframework.boot.context.properties.source.ConfigurationPropertySourcesPropertySource
10:04:22.746 [restartedMain] INFO  c.u.j.EncryptablePropertySourceConverter - Skipping PropertySource servletConfigInitParams [class org.springframework.core.env.PropertySource$StubPropertySource
10:04:22.746 [restartedMain] INFO  c.u.j.EncryptablePropertySourceConverter - Converting PropertySource servletContextInitParams [org.springframework.web.context.support.ServletContextPropertySource] to EncryptableEnumerablePropertySourceWrapper
10:04:22.746 [restartedMain] INFO  o.s.m.s.b.SimpleBrokerMessageHandler - Starting...
10:04:22.746 [restartedMain] INFO  o.s.m.s.b.SimpleBrokerMessageHandler - BrokerAvailabilityEvent[available=true, SimpleBrokerMessageHandler [org.springframework.messaging.simp.broker.DefaultSubscriptionRegistry@42241784]]
10:04:22.746 [restartedMain] INFO  o.s.m.s.b.SimpleBrokerMessageHandler - Started.
10:04:22.748 [restartedMain] INFO  c.d.g.GoodmorningApplication - Started GoodmorningApplication in 0.751 seconds (JVM running for 2035.351)
10:04:22.750 [restartedMain] INFO  o.s.b.d.a.ConditionEvaluationDeltaLoggingListener - Condition evaluation unchanged
10:04:24.199 [Thread-22] INFO  o.s.m.s.b.SimpleBrokerMessageHandler - Stopping...
10:04:24.200 [Thread-22] INFO  o.s.m.s.b.SimpleBrokerMessageHandler - BrokerAvailabilityEvent[available=false, SimpleBrokerMessageHandler [org.springframework.messaging.simp.broker.DefaultSubscriptionRegistry@42241784]]
10:04:24.200 [Thread-22] INFO  o.s.m.s.b.SimpleBrokerMessageHandler - Stopped.
10:04:24.301 [restartedMain] INFO  c.d.g.GoodmorningApplication - Starting GoodmorningApplication using Java 11.0.14 on DESKTOP-QG87M8F with PID 8484 (F:\douzone\TeamProject\goodmorning\backend\target\classes started by 청출어람_PC03 in F:\douzone\TeamProject\goodmorning\backend)
10:04:24.301 [restartedMain] INFO  c.d.g.GoodmorningApplication - The following 1 profile is active: "development"
10:04:24.438 [restartedMain] INFO  o.s.d.r.c.RepositoryConfigurationDelegate - Multiple Spring Data modules found, entering strict repository configuration mode!
10:04:24.438 [restartedMain] INFO  o.s.d.r.c.RepositoryConfigurationDelegate - Bootstrapping Spring Data Redis repositories in DEFAULT mode.
10:04:24.443 [restartedMain] INFO  o.s.d.r.c.RepositoryConfigurationDelegate - Finished Spring Data repository scanning in 4 ms. Found 0 Redis repository interfaces.
10:04:24.469 [restartedMain] WARN  o.m.s.m.ClassPathMapperScanner - No MyBatis mapper was found in '[com.douzone.goodmorning]' package. Please check your configuration.
10:04:24.482 [restartedMain] INFO  c.u.j.c.EnableEncryptablePropertiesBeanFactoryPostProcessor - Post-processing PropertySource instances
10:04:24.483 [restartedMain] INFO  c.u.j.EncryptablePropertySourceConverter - Skipping PropertySource configurationProperties [class org.springframework.boot.context.properties.source.ConfigurationPropertySourcesPropertySource
10:04:24.483 [restartedMain] INFO  c.u.j.EncryptablePropertySourceConverter - Skipping PropertySource servletConfigInitParams [class org.springframework.core.env.PropertySource$StubPropertySource
10:04:24.483 [restartedMain] INFO  c.u.j.EncryptablePropertySourceConverter - Skipping PropertySource servletContextInitParams [class org.springframework.core.env.PropertySource$StubPropertySource
10:04:24.483 [restartedMain] INFO  c.u.j.EncryptablePropertySourceConverter - Converting PropertySource systemProperties [org.springframework.core.env.PropertiesPropertySource] to EncryptableMapPropertySourceWrapper
10:04:24.483 [restartedMain] INFO  c.u.j.EncryptablePropertySourceConverter - Converting PropertySource systemEnvironment [org.springframework.boot.env.SystemEnvironmentPropertySourceEnvironmentPostProcessor$OriginAwareSystemEnvironmentPropertySource] to EncryptableSystemEnvironmentPropertySourceWrapper
10:04:24.483 [restartedMain] INFO  c.u.j.EncryptablePropertySourceConverter - Converting PropertySource random [org.springframework.boot.env.RandomValuePropertySource] to EncryptablePropertySourceWrapper
10:04:24.483 [restartedMain] INFO  c.u.j.EncryptablePropertySourceConverter - Converting PropertySource Config resource 'class path resource [application.yml]' via location 'optional:classpath:/' (document #2) [org.springframework.boot.env.OriginTrackedMapPropertySource] to EncryptableMapPropertySourceWrapper
10:04:24.483 [restartedMain] INFO  c.u.j.EncryptablePropertySourceConverter - Converting PropertySource Config resource 'class path resource [application.yml]' via location 'optional:classpath:/' (document #1) [org.springframework.boot.env.OriginTrackedMapPropertySource] to EncryptableMapPropertySourceWrapper
10:04:24.483 [restartedMain] INFO  c.u.j.EncryptablePropertySourceConverter - Converting PropertySource Config resource 'class path resource [application.yml]' via location 'optional:classpath:/' (document #0) [org.springframework.boot.env.OriginTrackedMapPropertySource] to EncryptableMapPropertySourceWrapper
10:04:24.483 [restartedMain] INFO  c.u.j.EncryptablePropertySourceConverter - Converting PropertySource devtools [org.springframework.core.env.MapPropertySource] to EncryptableMapPropertySourceWrapper
10:04:24.490 [restartedMain] INFO  c.u.j.f.DefaultLazyPropertyFilter - Property Filter custom Bean not found with name 'encryptablePropertyFilter'. Initializing Default Property Filter
10:04:24.491 [restartedMain] INFO  c.u.j.r.DefaultLazyPropertyResolver - Property Resolver custom Bean not found with name 'encryptablePropertyResolver'. Initializing Default Property Resolver
10:04:24.491 [restartedMain] INFO  c.u.j.d.DefaultLazyPropertyDetector - Property Detector custom Bean not found with name 'encryptablePropertyDetector'. Initializing Default Property Detector
10:04:24.513 [restartedMain] INFO  o.s.b.w.e.t.TomcatWebServer - Tomcat initialized with port(s): 8080 (http)
10:04:24.514 [restartedMain] INFO  o.a.c.c.StandardService - Starting service [Tomcat]
10:04:24.514 [restartedMain] INFO  o.a.c.c.StandardEngine - Starting Servlet engine: [Apache Tomcat/9.0.58]
10:04:24.532 [restartedMain] INFO  o.a.c.c.C.[.[.[/] - Initializing Spring embedded WebApplicationContext
10:04:24.532 [restartedMain] INFO  o.s.b.w.s.c.ServletWebServerApplicationContext - Root WebApplicationContext: initialization completed in 229 ms
10:04:24.686 [restartedMain] INFO  o.s.s.w.DefaultSecurityFilterChain - Will not secure any request
10:04:24.719 [restartedMain] INFO  o.s.b.a.w.s.WelcomePageHandlerMapping - Adding welcome page template: index
10:04:24.727 [restartedMain] WARN  o.t.t.TemplateMode - [THYMELEAF][restartedMain] Template Mode 'HTML5' is deprecated. Using Template Mode 'HTML' instead.
10:04:24.750 [restartedMain] INFO  o.s.b.d.a.OptionalLiveReloadServer - LiveReload server is running on port 35729
10:04:24.754 [restartedMain] INFO  o.s.b.w.e.t.TomcatWebServer - Tomcat started on port(s): 8080 (http) with context path ''
10:04:24.754 [restartedMain] INFO  c.u.j.c.RefreshScopeRefreshedEventListener - Refreshing cached encryptable property sources on ServletWebServerInitializedEvent
10:04:24.754 [restartedMain] INFO  c.u.j.c.CachingDelegateEncryptablePropertySource - Property Source systemProperties refreshed
10:04:24.754 [restartedMain] INFO  c.u.j.c.CachingDelegateEncryptablePropertySource - Property Source systemEnvironment refreshed
10:04:24.754 [restartedMain] INFO  c.u.j.c.CachingDelegateEncryptablePropertySource - Property Source random refreshed
10:04:24.754 [restartedMain] INFO  c.u.j.c.CachingDelegateEncryptablePropertySource - Property Source Config resource 'class path resource [application.yml]' via location 'optional:classpath:/' (document #2) refreshed
10:04:24.754 [restartedMain] INFO  c.u.j.c.CachingDelegateEncryptablePropertySource - Property Source Config resource 'class path resource [application.yml]' via location 'optional:classpath:/' (document #1) refreshed
10:04:24.754 [restartedMain] INFO  c.u.j.c.CachingDelegateEncryptablePropertySource - Property Source Config resource 'class path resource [application.yml]' via location 'optional:classpath:/' (document #0) refreshed
10:04:24.754 [restartedMain] INFO  c.u.j.c.CachingDelegateEncryptablePropertySource - Property Source devtools refreshed
10:04:24.754 [restartedMain] INFO  c.u.j.EncryptablePropertySourceConverter - Converting PropertySource server.ports [org.springframework.core.env.MapPropertySource] to EncryptableMapPropertySourceWrapper
10:04:24.754 [restartedMain] INFO  c.u.j.EncryptablePropertySourceConverter - Skipping PropertySource configurationProperties [class org.springframework.boot.context.properties.source.ConfigurationPropertySourcesPropertySource
10:04:24.754 [restartedMain] INFO  c.u.j.EncryptablePropertySourceConverter - Skipping PropertySource servletConfigInitParams [class org.springframework.core.env.PropertySource$StubPropertySource
10:04:24.754 [restartedMain] INFO  c.u.j.EncryptablePropertySourceConverter - Converting PropertySource servletContextInitParams [org.springframework.web.context.support.ServletContextPropertySource] to EncryptableEnumerablePropertySourceWrapper
10:04:24.755 [restartedMain] INFO  o.s.m.s.b.SimpleBrokerMessageHandler - Starting...
10:04:24.755 [restartedMain] INFO  o.s.m.s.b.SimpleBrokerMessageHandler - BrokerAvailabilityEvent[available=true, SimpleBrokerMessageHandler [org.springframework.messaging.simp.broker.DefaultSubscriptionRegistry@3335e9af]]
10:04:24.755 [restartedMain] INFO  o.s.m.s.b.SimpleBrokerMessageHandler - Started.
10:04:24.756 [restartedMain] INFO  c.d.g.GoodmorningApplication - Started GoodmorningApplication in 0.475 seconds (JVM running for 2037.359)
10:04:24.757 [restartedMain] INFO  o.s.b.d.a.ConditionEvaluationDeltaLoggingListener - Condition evaluation unchanged
10:04:27.550 [http-nio-8080-exec-1] INFO  o.a.c.c.C.[.[.[/] - Initializing Spring DispatcherServlet 'dispatcherServlet'
10:04:27.552 [http-nio-8080-exec-1] INFO  o.s.w.s.DispatcherServlet - Initializing Servlet 'dispatcherServlet'
10:04:27.554 [http-nio-8080-exec-1] INFO  o.s.w.s.DispatcherServlet - Completed initialization in 2 ms
10:04:27.881 [http-nio-8080-exec-4] INFO  c.z.h.HikariDataSource - HikariPool-2 - Starting...
10:04:27.884 [http-nio-8080-exec-4] INFO  c.z.h.HikariDataSource - HikariPool-2 - Start completed.
10:05:24.710 [MessageBroker-4] INFO  o.s.w.s.c.WebSocketMessageBrokerStats - WebSocketSession[1 current WS(1)-HttpStream(0)-HttpPoll(0), 1 total, 0 closed abnormally (0 connect failure, 0 send limit, 0 transport error)], stompSubProtocol[processed CONNECT(1)-CONNECTED(1)-DISCONNECT(0)], stompBrokerRelay[null], inboundChannel[pool size = 16, active threads = 0, queued tasks = 0, completed tasks = 51], outboundChannel[pool size = 1, active threads = 0, queued tasks = 0, completed tasks = 1], sockJsScheduler[pool size = 8, active threads = 1, queued tasks = 2, completed tasks = 14]
10:07:48.408 [Thread-26] INFO  o.s.m.s.b.SimpleBrokerMessageHandler - Stopping...
10:07:48.408 [Thread-26] INFO  o.s.m.s.b.SimpleBrokerMessageHandler - BrokerAvailabilityEvent[available=false, SimpleBrokerMessageHandler [org.springframework.messaging.simp.broker.DefaultSubscriptionRegistry@3335e9af]]
10:07:48.408 [Thread-26] INFO  o.s.m.s.b.SimpleBrokerMessageHandler - Stopped.
10:07:48.567 [Thread-26] INFO  c.z.h.HikariDataSource - HikariPool-2 - Shutdown initiated...
10:07:48.570 [Thread-26] INFO  c.z.h.HikariDataSource - HikariPool-2 - Shutdown completed.
10:07:48.626 [restartedMain] INFO  c.d.g.GoodmorningApplication - Starting GoodmorningApplication using Java 11.0.14 on DESKTOP-QG87M8F with PID 8484 (F:\douzone\TeamProject\goodmorning\backend\target\classes started by 청출어람_PC03 in F:\douzone\TeamProject\goodmorning\backend)
10:07:48.626 [restartedMain] INFO  c.d.g.GoodmorningApplication - The following 1 profile is active: "development"
10:07:48.743 [restartedMain] INFO  o.s.d.r.c.RepositoryConfigurationDelegate - Multiple Spring Data modules found, entering strict repository configuration mode!
10:07:48.743 [restartedMain] INFO  o.s.d.r.c.RepositoryConfigurationDelegate - Bootstrapping Spring Data Redis repositories in DEFAULT mode.
10:07:48.748 [restartedMain] INFO  o.s.d.r.c.RepositoryConfigurationDelegate - Finished Spring Data repository scanning in 4 ms. Found 0 Redis repository interfaces.
10:07:48.772 [restartedMain] WARN  o.m.s.m.ClassPathMapperScanner - No MyBatis mapper was found in '[com.douzone.goodmorning]' package. Please check your configuration.
10:07:48.785 [restartedMain] INFO  c.u.j.c.EnableEncryptablePropertiesBeanFactoryPostProcessor - Post-processing PropertySource instances
10:07:48.785 [restartedMain] INFO  c.u.j.EncryptablePropertySourceConverter - Skipping PropertySource configurationProperties [class org.springframework.boot.context.properties.source.ConfigurationPropertySourcesPropertySource
10:07:48.785 [restartedMain] INFO  c.u.j.EncryptablePropertySourceConverter - Skipping PropertySource servletConfigInitParams [class org.springframework.core.env.PropertySource$StubPropertySource
10:07:48.785 [restartedMain] INFO  c.u.j.EncryptablePropertySourceConverter - Skipping PropertySource servletContextInitParams [class org.springframework.core.env.PropertySource$StubPropertySource
10:07:48.785 [restartedMain] INFO  c.u.j.EncryptablePropertySourceConverter - Converting PropertySource systemProperties [org.springframework.core.env.PropertiesPropertySource] to EncryptableMapPropertySourceWrapper
10:07:48.785 [restartedMain] INFO  c.u.j.EncryptablePropertySourceConverter - Converting PropertySource systemEnvironment [org.springframework.boot.env.SystemEnvironmentPropertySourceEnvironmentPostProcessor$OriginAwareSystemEnvironmentPropertySource] to EncryptableSystemEnvironmentPropertySourceWrapper
10:07:48.785 [restartedMain] INFO  c.u.j.EncryptablePropertySourceConverter - Converting PropertySource random [org.springframework.boot.env.RandomValuePropertySource] to EncryptablePropertySourceWrapper
10:07:48.785 [restartedMain] INFO  c.u.j.EncryptablePropertySourceConverter - Converting PropertySource Config resource 'class path resource [application.yml]' via location 'optional:classpath:/' (document #2) [org.springframework.boot.env.OriginTrackedMapPropertySource] to EncryptableMapPropertySourceWrapper
10:07:48.785 [restartedMain] INFO  c.u.j.EncryptablePropertySourceConverter - Converting PropertySource Config resource 'class path resource [application.yml]' via location 'optional:classpath:/' (document #1) [org.springframework.boot.env.OriginTrackedMapPropertySource] to EncryptableMapPropertySourceWrapper
10:07:48.785 [restartedMain] INFO  c.u.j.EncryptablePropertySourceConverter - Converting PropertySource Config resource 'class path resource [application.yml]' via location 'optional:classpath:/' (document #0) [org.springframework.boot.env.OriginTrackedMapPropertySource] to EncryptableMapPropertySourceWrapper
10:07:48.785 [restartedMain] INFO  c.u.j.EncryptablePropertySourceConverter - Converting PropertySource devtools [org.springframework.core.env.MapPropertySource] to EncryptableMapPropertySourceWrapper
10:07:48.791 [restartedMain] INFO  c.u.j.f.DefaultLazyPropertyFilter - Property Filter custom Bean not found with name 'encryptablePropertyFilter'. Initializing Default Property Filter
10:07:48.794 [restartedMain] INFO  c.u.j.r.DefaultLazyPropertyResolver - Property Resolver custom Bean not found with name 'encryptablePropertyResolver'. Initializing Default Property Resolver
10:07:48.794 [restartedMain] INFO  c.u.j.d.DefaultLazyPropertyDetector - Property Detector custom Bean not found with name 'encryptablePropertyDetector'. Initializing Default Property Detector
10:07:48.814 [restartedMain] INFO  o.s.b.w.e.t.TomcatWebServer - Tomcat initialized with port(s): 8080 (http)
10:07:48.814 [restartedMain] INFO  o.a.c.c.StandardService - Starting service [Tomcat]
10:07:48.814 [restartedMain] INFO  o.a.c.c.StandardEngine - Starting Servlet engine: [Apache Tomcat/9.0.58]
10:07:48.831 [restartedMain] INFO  o.a.c.c.C.[.[.[/] - Initializing Spring embedded WebApplicationContext
10:07:48.832 [restartedMain] INFO  o.s.b.w.s.c.ServletWebServerApplicationContext - Root WebApplicationContext: initialization completed in 205 ms
10:07:48.975 [restartedMain] INFO  o.s.s.w.DefaultSecurityFilterChain - Will not secure any request
10:07:49.006 [restartedMain] INFO  o.s.b.a.w.s.WelcomePageHandlerMapping - Adding welcome page template: index
10:07:49.017 [restartedMain] WARN  o.t.t.TemplateMode - [THYMELEAF][restartedMain] Template Mode 'HTML5' is deprecated. Using Template Mode 'HTML' instead.
10:07:49.036 [restartedMain] INFO  o.s.b.d.a.OptionalLiveReloadServer - LiveReload server is running on port 35729
10:07:49.040 [restartedMain] INFO  o.s.b.w.e.t.TomcatWebServer - Tomcat started on port(s): 8080 (http) with context path ''
10:07:49.040 [restartedMain] INFO  c.u.j.c.RefreshScopeRefreshedEventListener - Refreshing cached encryptable property sources on ServletWebServerInitializedEvent
10:07:49.040 [restartedMain] INFO  c.u.j.c.CachingDelegateEncryptablePropertySource - Property Source systemProperties refreshed
10:07:49.040 [restartedMain] INFO  c.u.j.c.CachingDelegateEncryptablePropertySource - Property Source systemEnvironment refreshed
10:07:49.040 [restartedMain] INFO  c.u.j.c.CachingDelegateEncryptablePropertySource - Property Source random refreshed
10:07:49.040 [restartedMain] INFO  c.u.j.c.CachingDelegateEncryptablePropertySource - Property Source Config resource 'class path resource [application.yml]' via location 'optional:classpath:/' (document #2) refreshed
10:07:49.040 [restartedMain] INFO  c.u.j.c.CachingDelegateEncryptablePropertySource - Property Source Config resource 'class path resource [application.yml]' via location 'optional:classpath:/' (document #1) refreshed
10:07:49.040 [restartedMain] INFO  c.u.j.c.CachingDelegateEncryptablePropertySource - Property Source Config resource 'class path resource [application.yml]' via location 'optional:classpath:/' (document #0) refreshed
10:07:49.040 [restartedMain] INFO  c.u.j.c.CachingDelegateEncryptablePropertySource - Property Source devtools refreshed
10:07:49.040 [restartedMain] INFO  c.u.j.EncryptablePropertySourceConverter - Converting PropertySource server.ports [org.springframework.core.env.MapPropertySource] to EncryptableMapPropertySourceWrapper
10:07:49.040 [restartedMain] INFO  c.u.j.EncryptablePropertySourceConverter - Skipping PropertySource configurationProperties [class org.springframework.boot.context.properties.source.ConfigurationPropertySourcesPropertySource
10:07:49.040 [restartedMain] INFO  c.u.j.EncryptablePropertySourceConverter - Skipping PropertySource servletConfigInitParams [class org.springframework.core.env.PropertySource$StubPropertySource
10:07:49.041 [restartedMain] INFO  c.u.j.EncryptablePropertySourceConverter - Converting PropertySource servletContextInitParams [org.springframework.web.context.support.ServletContextPropertySource] to EncryptableEnumerablePropertySourceWrapper
10:07:49.041 [restartedMain] INFO  o.s.m.s.b.SimpleBrokerMessageHandler - Starting...
10:07:49.041 [restartedMain] INFO  o.s.m.s.b.SimpleBrokerMessageHandler - BrokerAvailabilityEvent[available=true, SimpleBrokerMessageHandler [org.springframework.messaging.simp.broker.DefaultSubscriptionRegistry@75bb8de5]]
10:07:49.041 [restartedMain] INFO  o.s.m.s.b.SimpleBrokerMessageHandler - Started.
10:07:49.043 [restartedMain] INFO  c.d.g.GoodmorningApplication - Started GoodmorningApplication in 0.436 seconds (JVM running for 2241.644)
10:07:49.043 [restartedMain] INFO  o.s.b.d.a.ConditionEvaluationDeltaLoggingListener - Condition evaluation unchanged
10:07:53.555 [http-nio-8080-exec-1] INFO  o.a.c.c.C.[.[.[/] - Initializing Spring DispatcherServlet 'dispatcherServlet'
10:07:53.557 [http-nio-8080-exec-1] INFO  o.s.w.s.DispatcherServlet - Initializing Servlet 'dispatcherServlet'
10:07:53.559 [http-nio-8080-exec-1] INFO  o.s.w.s.DispatcherServlet - Completed initialization in 2 ms
10:07:53.891 [http-nio-8080-exec-4] INFO  c.z.h.HikariDataSource - HikariPool-3 - Starting...
10:07:53.893 [http-nio-8080-exec-4] INFO  c.z.h.HikariDataSource - HikariPool-3 - Start completed.
10:07:57.604 [Thread-31] INFO  o.s.m.s.b.SimpleBrokerMessageHandler - Stopping...
10:07:57.604 [Thread-31] INFO  o.s.m.s.b.SimpleBrokerMessageHandler - BrokerAvailabilityEvent[available=false, SimpleBrokerMessageHandler [org.springframework.messaging.simp.broker.DefaultSubscriptionRegistry@75bb8de5]]
10:07:57.604 [Thread-31] INFO  o.s.m.s.b.SimpleBrokerMessageHandler - Stopped.
10:07:57.766 [Thread-31] INFO  c.z.h.HikariDataSource - HikariPool-3 - Shutdown initiated...
10:07:57.775 [Thread-31] INFO  c.z.h.HikariDataSource - HikariPool-3 - Shutdown completed.
10:07:57.829 [restartedMain] INFO  c.d.g.GoodmorningApplication - Starting GoodmorningApplication using Java 11.0.14 on DESKTOP-QG87M8F with PID 8484 (F:\douzone\TeamProject\goodmorning\backend\target\classes started by 청출어람_PC03 in F:\douzone\TeamProject\goodmorning\backend)
10:07:57.829 [restartedMain] INFO  c.d.g.GoodmorningApplication - The following 1 profile is active: "development"
10:07:57.937 [restartedMain] INFO  o.s.d.r.c.RepositoryConfigurationDelegate - Multiple Spring Data modules found, entering strict repository configuration mode!
10:07:57.937 [restartedMain] INFO  o.s.d.r.c.RepositoryConfigurationDelegate - Bootstrapping Spring Data Redis repositories in DEFAULT mode.
10:07:57.942 [restartedMain] INFO  o.s.d.r.c.RepositoryConfigurationDelegate - Finished Spring Data repository scanning in 4 ms. Found 0 Redis repository interfaces.
10:07:57.964 [restartedMain] WARN  o.m.s.m.ClassPathMapperScanner - No MyBatis mapper was found in '[com.douzone.goodmorning]' package. Please check your configuration.
10:07:57.975 [restartedMain] INFO  c.u.j.c.EnableEncryptablePropertiesBeanFactoryPostProcessor - Post-processing PropertySource instances
10:07:57.975 [restartedMain] INFO  c.u.j.EncryptablePropertySourceConverter - Skipping PropertySource configurationProperties [class org.springframework.boot.context.properties.source.ConfigurationPropertySourcesPropertySource
10:07:57.975 [restartedMain] INFO  c.u.j.EncryptablePropertySourceConverter - Skipping PropertySource servletConfigInitParams [class org.springframework.core.env.PropertySource$StubPropertySource
10:07:57.975 [restartedMain] INFO  c.u.j.EncryptablePropertySourceConverter - Skipping PropertySource servletContextInitParams [class org.springframework.core.env.PropertySource$StubPropertySource
10:07:57.975 [restartedMain] INFO  c.u.j.EncryptablePropertySourceConverter - Converting PropertySource systemProperties [org.springframework.core.env.PropertiesPropertySource] to EncryptableMapPropertySourceWrapper
10:07:57.975 [restartedMain] INFO  c.u.j.EncryptablePropertySourceConverter - Converting PropertySource systemEnvironment [org.springframework.boot.env.SystemEnvironmentPropertySourceEnvironmentPostProcessor$OriginAwareSystemEnvironmentPropertySource] to EncryptableSystemEnvironmentPropertySourceWrapper
10:07:57.975 [restartedMain] INFO  c.u.j.EncryptablePropertySourceConverter - Converting PropertySource random [org.springframework.boot.env.RandomValuePropertySource] to EncryptablePropertySourceWrapper
10:07:57.975 [restartedMain] INFO  c.u.j.EncryptablePropertySourceConverter - Converting PropertySource Config resource 'class path resource [application.yml]' via location 'optional:classpath:/' (document #2) [org.springframework.boot.env.OriginTrackedMapPropertySource] to EncryptableMapPropertySourceWrapper
10:07:57.975 [restartedMain] INFO  c.u.j.EncryptablePropertySourceConverter - Converting PropertySource Config resource 'class path resource [application.yml]' via location 'optional:classpath:/' (document #1) [org.springframework.boot.env.OriginTrackedMapPropertySource] to EncryptableMapPropertySourceWrapper
10:07:57.975 [restartedMain] INFO  c.u.j.EncryptablePropertySourceConverter - Converting PropertySource Config resource 'class path resource [application.yml]' via location 'optional:classpath:/' (document #0) [org.springframework.boot.env.OriginTrackedMapPropertySource] to EncryptableMapPropertySourceWrapper
10:07:57.976 [restartedMain] INFO  c.u.j.EncryptablePropertySourceConverter - Converting PropertySource devtools [org.springframework.core.env.MapPropertySource] to EncryptableMapPropertySourceWrapper
10:07:57.981 [restartedMain] INFO  c.u.j.f.DefaultLazyPropertyFilter - Property Filter custom Bean not found with name 'encryptablePropertyFilter'. Initializing Default Property Filter
10:07:57.982 [restartedMain] INFO  c.u.j.r.DefaultLazyPropertyResolver - Property Resolver custom Bean not found with name 'encryptablePropertyResolver'. Initializing Default Property Resolver
10:07:57.982 [restartedMain] INFO  c.u.j.d.DefaultLazyPropertyDetector - Property Detector custom Bean not found with name 'encryptablePropertyDetector'. Initializing Default Property Detector
10:07:58.001 [restartedMain] INFO  o.s.b.w.e.t.TomcatWebServer - Tomcat initialized with port(s): 8080 (http)
10:07:58.002 [restartedMain] INFO  o.a.c.c.StandardService - Starting service [Tomcat]
10:07:58.002 [restartedMain] INFO  o.a.c.c.StandardEngine - Starting Servlet engine: [Apache Tomcat/9.0.58]
10:07:58.017 [restartedMain] INFO  o.a.c.c.C.[.[.[/] - Initializing Spring embedded WebApplicationContext
10:07:58.017 [restartedMain] INFO  o.s.b.w.s.c.ServletWebServerApplicationContext - Root WebApplicationContext: initialization completed in 187 ms
10:07:58.144 [restartedMain] INFO  o.s.s.w.DefaultSecurityFilterChain - Will not secure any request
10:07:58.172 [restartedMain] INFO  o.s.b.a.w.s.WelcomePageHandlerMapping - Adding welcome page template: index
10:07:58.180 [restartedMain] WARN  o.t.t.TemplateMode - [THYMELEAF][restartedMain] Template Mode 'HTML5' is deprecated. Using Template Mode 'HTML' instead.
10:07:58.200 [restartedMain] INFO  o.s.b.d.a.OptionalLiveReloadServer - LiveReload server is running on port 35729
10:07:58.203 [restartedMain] INFO  o.s.b.w.e.t.TomcatWebServer - Tomcat started on port(s): 8080 (http) with context path ''
10:07:58.204 [restartedMain] INFO  c.u.j.c.RefreshScopeRefreshedEventListener - Refreshing cached encryptable property sources on ServletWebServerInitializedEvent
10:07:58.204 [restartedMain] INFO  c.u.j.c.CachingDelegateEncryptablePropertySource - Property Source systemProperties refreshed
10:07:58.204 [restartedMain] INFO  c.u.j.c.CachingDelegateEncryptablePropertySource - Property Source systemEnvironment refreshed
10:07:58.204 [restartedMain] INFO  c.u.j.c.CachingDelegateEncryptablePropertySource - Property Source random refreshed
10:07:58.204 [restartedMain] INFO  c.u.j.c.CachingDelegateEncryptablePropertySource - Property Source Config resource 'class path resource [application.yml]' via location 'optional:classpath:/' (document #2) refreshed
10:07:58.204 [restartedMain] INFO  c.u.j.c.CachingDelegateEncryptablePropertySource - Property Source Config resource 'class path resource [application.yml]' via location 'optional:classpath:/' (document #1) refreshed
10:07:58.204 [restartedMain] INFO  c.u.j.c.CachingDelegateEncryptablePropertySource - Property Source Config resource 'class path resource [application.yml]' via location 'optional:classpath:/' (document #0) refreshed
10:07:58.204 [restartedMain] INFO  c.u.j.c.CachingDelegateEncryptablePropertySource - Property Source devtools refreshed
10:07:58.204 [restartedMain] INFO  c.u.j.EncryptablePropertySourceConverter - Converting PropertySource server.ports [org.springframework.core.env.MapPropertySource] to EncryptableMapPropertySourceWrapper
10:07:58.204 [restartedMain] INFO  c.u.j.EncryptablePropertySourceConverter - Skipping PropertySource configurationProperties [class org.springframework.boot.context.properties.source.ConfigurationPropertySourcesPropertySource
10:07:58.204 [restartedMain] INFO  c.u.j.EncryptablePropertySourceConverter - Skipping PropertySource servletConfigInitParams [class org.springframework.core.env.PropertySource$StubPropertySource
10:07:58.204 [restartedMain] INFO  c.u.j.EncryptablePropertySourceConverter - Converting PropertySource servletContextInitParams [org.springframework.web.context.support.ServletContextPropertySource] to EncryptableEnumerablePropertySourceWrapper
10:07:58.204 [restartedMain] INFO  o.s.m.s.b.SimpleBrokerMessageHandler - Starting...
10:07:58.204 [restartedMain] INFO  o.s.m.s.b.SimpleBrokerMessageHandler - BrokerAvailabilityEvent[available=true, SimpleBrokerMessageHandler [org.springframework.messaging.simp.broker.DefaultSubscriptionRegistry@4ad5e5f6]]
10:07:58.204 [restartedMain] INFO  o.s.m.s.b.SimpleBrokerMessageHandler - Started.
10:07:58.206 [restartedMain] INFO  c.d.g.GoodmorningApplication - Started GoodmorningApplication in 0.394 seconds (JVM running for 2250.808)
10:07:58.206 [restartedMain] INFO  o.s.b.d.a.ConditionEvaluationDeltaLoggingListener - Condition evaluation unchanged
10:08:03.548 [http-nio-8080-exec-1] INFO  o.a.c.c.C.[.[.[/] - Initializing Spring DispatcherServlet 'dispatcherServlet'
10:08:03.549 [http-nio-8080-exec-1] INFO  o.s.w.s.DispatcherServlet - Initializing Servlet 'dispatcherServlet'
10:08:03.551 [http-nio-8080-exec-1] INFO  o.s.w.s.DispatcherServlet - Completed initialization in 2 ms
10:08:03.572 [http-nio-8080-exec-4] INFO  c.z.h.HikariDataSource - HikariPool-4 - Starting...
10:08:03.574 [http-nio-8080-exec-4] INFO  c.z.h.HikariDataSource - HikariPool-4 - Start completed.
10:08:58.167 [MessageBroker-4] INFO  o.s.w.s.c.WebSocketMessageBrokerStats - WebSocketSession[1 current WS(1)-HttpStream(0)-HttpPoll(0), 1 total, 0 closed abnormally (0 connect failure, 0 send limit, 0 transport error)], stompSubProtocol[processed CONNECT(1)-CONNECTED(1)-DISCONNECT(0)], stompBrokerRelay[null], inboundChannel[pool size = 16, active threads = 0, queued tasks = 0, completed tasks = 51], outboundChannel[pool size = 1, active threads = 0, queued tasks = 0, completed tasks = 1], sockJsScheduler[pool size = 8, active threads = 1, queued tasks = 2, completed tasks = 13]
10:10:18.301 [Thread-36] INFO  o.s.m.s.b.SimpleBrokerMessageHandler - Stopping...
10:10:18.301 [Thread-36] INFO  o.s.m.s.b.SimpleBrokerMessageHandler - BrokerAvailabilityEvent[available=false, SimpleBrokerMessageHandler [org.springframework.messaging.simp.broker.DefaultSubscriptionRegistry@4ad5e5f6]]
10:10:18.301 [Thread-36] INFO  o.s.m.s.b.SimpleBrokerMessageHandler - Stopped.
10:10:18.459 [Thread-36] INFO  c.z.h.HikariDataSource - HikariPool-4 - Shutdown initiated...
10:10:18.462 [Thread-36] INFO  c.z.h.HikariDataSource - HikariPool-4 - Shutdown completed.
10:10:18.517 [restartedMain] INFO  c.d.g.GoodmorningApplication - Starting GoodmorningApplication using Java 11.0.14 on DESKTOP-QG87M8F with PID 8484 (F:\douzone\TeamProject\goodmorning\backend\target\classes started by 청출어람_PC03 in F:\douzone\TeamProject\goodmorning\backend)
10:10:18.517 [restartedMain] INFO  c.d.g.GoodmorningApplication - The following 1 profile is active: "development"
10:10:18.625 [restartedMain] INFO  o.s.d.r.c.RepositoryConfigurationDelegate - Multiple Spring Data modules found, entering strict repository configuration mode!
10:10:18.626 [restartedMain] INFO  o.s.d.r.c.RepositoryConfigurationDelegate - Bootstrapping Spring Data Redis repositories in DEFAULT mode.
10:10:18.630 [restartedMain] INFO  o.s.d.r.c.RepositoryConfigurationDelegate - Finished Spring Data repository scanning in 4 ms. Found 0 Redis repository interfaces.
10:10:18.652 [restartedMain] WARN  o.m.s.m.ClassPathMapperScanner - No MyBatis mapper was found in '[com.douzone.goodmorning]' package. Please check your configuration.
10:10:18.664 [restartedMain] INFO  c.u.j.c.EnableEncryptablePropertiesBeanFactoryPostProcessor - Post-processing PropertySource instances
10:10:18.664 [restartedMain] INFO  c.u.j.EncryptablePropertySourceConverter - Skipping PropertySource configurationProperties [class org.springframework.boot.context.properties.source.ConfigurationPropertySourcesPropertySource
10:10:18.664 [restartedMain] INFO  c.u.j.EncryptablePropertySourceConverter - Skipping PropertySource servletConfigInitParams [class org.springframework.core.env.PropertySource$StubPropertySource
10:10:18.665 [restartedMain] INFO  c.u.j.EncryptablePropertySourceConverter - Skipping PropertySource servletContextInitParams [class org.springframework.core.env.PropertySource$StubPropertySource
10:10:18.665 [restartedMain] INFO  c.u.j.EncryptablePropertySourceConverter - Converting PropertySource systemProperties [org.springframework.core.env.PropertiesPropertySource] to EncryptableMapPropertySourceWrapper
10:10:18.665 [restartedMain] INFO  c.u.j.EncryptablePropertySourceConverter - Converting PropertySource systemEnvironment [org.springframework.boot.env.SystemEnvironmentPropertySourceEnvironmentPostProcessor$OriginAwareSystemEnvironmentPropertySource] to EncryptableSystemEnvironmentPropertySourceWrapper
10:10:18.665 [restartedMain] INFO  c.u.j.EncryptablePropertySourceConverter - Converting PropertySource random [org.springframework.boot.env.RandomValuePropertySource] to EncryptablePropertySourceWrapper
10:10:18.665 [restartedMain] INFO  c.u.j.EncryptablePropertySourceConverter - Converting PropertySource Config resource 'class path resource [application.yml]' via location 'optional:classpath:/' (document #2) [org.springframework.boot.env.OriginTrackedMapPropertySource] to EncryptableMapPropertySourceWrapper
10:10:18.665 [restartedMain] INFO  c.u.j.EncryptablePropertySourceConverter - Converting PropertySource Config resource 'class path resource [application.yml]' via location 'optional:classpath:/' (document #1) [org.springframework.boot.env.OriginTrackedMapPropertySource] to EncryptableMapPropertySourceWrapper
10:10:18.665 [restartedMain] INFO  c.u.j.EncryptablePropertySourceConverter - Converting PropertySource Config resource 'class path resource [application.yml]' via location 'optional:classpath:/' (document #0) [org.springframework.boot.env.OriginTrackedMapPropertySource] to EncryptableMapPropertySourceWrapper
10:10:18.665 [restartedMain] INFO  c.u.j.EncryptablePropertySourceConverter - Converting PropertySource devtools [org.springframework.core.env.MapPropertySource] to EncryptableMapPropertySourceWrapper
10:10:18.671 [restartedMain] INFO  c.u.j.f.DefaultLazyPropertyFilter - Property Filter custom Bean not found with name 'encryptablePropertyFilter'. Initializing Default Property Filter
10:10:18.672 [restartedMain] INFO  c.u.j.r.DefaultLazyPropertyResolver - Property Resolver custom Bean not found with name 'encryptablePropertyResolver'. Initializing Default Property Resolver
10:10:18.672 [restartedMain] INFO  c.u.j.d.DefaultLazyPropertyDetector - Property Detector custom Bean not found with name 'encryptablePropertyDetector'. Initializing Default Property Detector
10:10:18.693 [restartedMain] INFO  o.s.b.w.e.t.TomcatWebServer - Tomcat initialized with port(s): 8080 (http)
10:10:18.693 [restartedMain] INFO  o.a.c.c.StandardService - Starting service [Tomcat]
10:10:18.693 [restartedMain] INFO  o.a.c.c.StandardEngine - Starting Servlet engine: [Apache Tomcat/9.0.58]
10:10:18.709 [restartedMain] INFO  o.a.c.c.C.[.[.[/] - Initializing Spring embedded WebApplicationContext
10:10:18.709 [restartedMain] INFO  o.s.b.w.s.c.ServletWebServerApplicationContext - Root WebApplicationContext: initialization completed in 190 ms
10:10:18.836 [restartedMain] INFO  o.s.s.w.DefaultSecurityFilterChain - Will not secure any request
10:10:18.864 [restartedMain] INFO  o.s.b.a.w.s.WelcomePageHandlerMapping - Adding welcome page template: index
10:10:18.871 [restartedMain] WARN  o.t.t.TemplateMode - [THYMELEAF][restartedMain] Template Mode 'HTML5' is deprecated. Using Template Mode 'HTML' instead.
10:10:18.890 [restartedMain] INFO  o.s.b.d.a.OptionalLiveReloadServer - LiveReload server is running on port 35729
10:10:18.894 [restartedMain] INFO  o.s.b.w.e.t.TomcatWebServer - Tomcat started on port(s): 8080 (http) with context path ''
10:10:18.894 [restartedMain] INFO  c.u.j.c.RefreshScopeRefreshedEventListener - Refreshing cached encryptable property sources on ServletWebServerInitializedEvent
10:10:18.894 [restartedMain] INFO  c.u.j.c.CachingDelegateEncryptablePropertySource - Property Source systemProperties refreshed
10:10:18.894 [restartedMain] INFO  c.u.j.c.CachingDelegateEncryptablePropertySource - Property Source systemEnvironment refreshed
10:10:18.894 [restartedMain] INFO  c.u.j.c.CachingDelegateEncryptablePropertySource - Property Source random refreshed
10:10:18.894 [restartedMain] INFO  c.u.j.c.CachingDelegateEncryptablePropertySource - Property Source Config resource 'class path resource [application.yml]' via location 'optional:classpath:/' (document #2) refreshed
10:10:18.894 [restartedMain] INFO  c.u.j.c.CachingDelegateEncryptablePropertySource - Property Source Config resource 'class path resource [application.yml]' via location 'optional:classpath:/' (document #1) refreshed
10:10:18.894 [restartedMain] INFO  c.u.j.c.CachingDelegateEncryptablePropertySource - Property Source Config resource 'class path resource [application.yml]' via location 'optional:classpath:/' (document #0) refreshed
10:10:18.894 [restartedMain] INFO  c.u.j.c.CachingDelegateEncryptablePropertySource - Property Source devtools refreshed
10:10:18.894 [restartedMain] INFO  c.u.j.EncryptablePropertySourceConverter - Converting PropertySource server.ports [org.springframework.core.env.MapPropertySource] to EncryptableMapPropertySourceWrapper
10:10:18.894 [restartedMain] INFO  c.u.j.EncryptablePropertySourceConverter - Skipping PropertySource configurationProperties [class org.springframework.boot.context.properties.source.ConfigurationPropertySourcesPropertySource
10:10:18.894 [restartedMain] INFO  c.u.j.EncryptablePropertySourceConverter - Skipping PropertySource servletConfigInitParams [class org.springframework.core.env.PropertySource$StubPropertySource
10:10:18.894 [restartedMain] INFO  c.u.j.EncryptablePropertySourceConverter - Converting PropertySource servletContextInitParams [org.springframework.web.context.support.ServletContextPropertySource] to EncryptableEnumerablePropertySourceWrapper
10:10:18.894 [restartedMain] INFO  o.s.m.s.b.SimpleBrokerMessageHandler - Starting...
10:10:18.894 [restartedMain] INFO  o.s.m.s.b.SimpleBrokerMessageHandler - BrokerAvailabilityEvent[available=true, SimpleBrokerMessageHandler [org.springframework.messaging.simp.broker.DefaultSubscriptionRegistry@7b6c9c74]]
10:10:18.895 [restartedMain] INFO  o.s.m.s.b.SimpleBrokerMessageHandler - Started.
10:10:18.896 [restartedMain] INFO  c.d.g.GoodmorningApplication - Started GoodmorningApplication in 0.395 seconds (JVM running for 2391.498)
10:10:18.897 [restartedMain] INFO  o.s.b.d.a.ConditionEvaluationDeltaLoggingListener - Condition evaluation unchanged
10:10:23.553 [http-nio-8080-exec-1] INFO  o.a.c.c.C.[.[.[/] - Initializing Spring DispatcherServlet 'dispatcherServlet'
10:10:23.554 [http-nio-8080-exec-1] INFO  o.s.w.s.DispatcherServlet - Initializing Servlet 'dispatcherServlet'
10:10:23.556 [http-nio-8080-exec-1] INFO  o.s.w.s.DispatcherServlet - Completed initialization in 2 ms
10:10:23.887 [http-nio-8080-exec-4] INFO  c.z.h.HikariDataSource - HikariPool-5 - Starting...
10:10:23.889 [http-nio-8080-exec-4] INFO  c.z.h.HikariDataSource - HikariPool-5 - Start completed.
10:11:18.847 [MessageBroker-5] INFO  o.s.w.s.c.WebSocketMessageBrokerStats - WebSocketSession[1 current WS(1)-HttpStream(0)-HttpPoll(0), 1 total, 0 closed abnormally (0 connect failure, 0 send limit, 0 transport error)], stompSubProtocol[processed CONNECT(1)-CONNECTED(1)-DISCONNECT(0)], stompBrokerRelay[null], inboundChannel[pool size = 16, active threads = 0, queued tasks = 0, completed tasks = 51], outboundChannel[pool size = 1, active threads = 0, queued tasks = 0, completed tasks = 1], sockJsScheduler[pool size = 8, active threads = 1, queued tasks = 2, completed tasks = 14]
10:19:46.792 [clientInboundChannel-50] INFO  c.d.g.s.RedisPublisher - 2번 스서버에서 레디스로 전달41@ChatVo(type=FILE, no=null, crewNo=41, userNo=16, userName=최시창, sendDate=2022-09-14 10:19:46.791Z, message=flower.jpg#$#99.052734375#$#image/jpeg#$#/assets/2022814101946540.jpg, profileUrl=/assets/20228643912464.jpg, crewName=null)
